<?xml version="1.0" encoding="UTF-8"?>
<!-- Generated by org.testng.reporters.JUnitReportReporter -->
<testsuite hostname="DESKTOP-1FGAUJ1" failures="0" tests="1" name="com.poferries.freight.AutomationFramework.web.runner.RunTestNGTest" time="38.277" errors="0" timestamp="2023-12-26T16:45:41 IST" skipped="0">
  <testcase classname="com.poferries.freight.AutomationFramework.web.runner.RunTestNGTest" name="feature" time="38.277"/>
  <system-out/>
</testsuite> <!-- com.poferries.freight.AutomationFramework.web.runner.RunTestNGTest -->
