<?xml version="1.0" encoding="UTF-8"?>
<!-- Generated by org.testng.reporters.JUnitReportReporter -->
<testsuite hostname="DESKTOP-1FGAUJ1" failures="0" tests="1" name="com.poferries.freight.AutomationFramework.web.runner.RunTestNGTest" time="40.959" errors="0" timestamp="2023-12-21T14:59:37 IST" skipped="0">
  <testcase classname="com.poferries.freight.AutomationFramework.web.runner.RunTestNGTest" name="feature" time="40.959"/>
  <system-out/>
</testsuite> <!-- com.poferries.freight.AutomationFramework.web.runner.RunTestNGTest -->
